#
# There is insufficient memory for the Java Runtime Environment to continue.
# Native memory allocation (mmap) failed to map 136314880 bytes for G1 virtual space
# Possible reasons:
#   The system is out of physical RAM or swap space
#   The process is running with CompressedOops enabled, and the Java Heap may be blocking the growth of the native heap
# Possible solutions:
#   Reduce memory load on the system
#   Increase physical memory or swap space
#   Check if swap backing store is full
#   Decrease Java heap size (-Xmx/-Xms)
#   Decrease number of Java threads
#   Decrease Java thread stack sizes (-Xss)
#   Set larger code cache with -XX:ReservedCodeCacheSize=
#   JVM is running with Unscaled Compressed Oops mode in which the Java heap is
#     placed in the first 4GB address space. The Java Heap base address is the
#     maximum limit for the native heap growth. Please use -XX:HeapBaseMinAddress
#     to set the Java Heap base and to place the Java Heap above 4GB virtual address.
# This output file may be truncated or incomplete.
#
#  Out of Memory Error (os_windows.cpp:3769), pid=9592, tid=20316
#
# JRE version: OpenJDK Runtime Environment (17.0.6) (build 17.0.6+0-b2043.56-10027231)
# Java VM: OpenJDK 64-Bit Server VM (17.0.6+0-b2043.56-10027231, mixed mode, tiered, compressed oops, compressed class ptrs, g1 gc, windows-amd64)
# No core dump will be written. Minidumps are not enabled by default on client versions of Windows
#

---------------  S U M M A R Y ------------

Command Line: org.jetbrains.kotlin.cli.jvm.K2JVMCompiler @D:\Kaar\app\build\20231217_10568381748915786752.compiler.options

Host: AMD Ryzen 5 5600H with Radeon Graphics         , 12 cores, 7G,  Windows 11 , 64 bit Build 22621 (10.0.22621.2506)
Time: Sun Dec 17 19:18:55 2023 Azerbaijan Standard Time elapsed time: 13.051387 seconds (0d 0h 0m 13s)

---------------  T H R E A D  ---------------

Current thread (0x000001bec639a7e0):  VMThread "VM Thread" [stack: 0x0000002ed6e00000,0x0000002ed6f00000] [id=20316]

Stack: [0x0000002ed6e00000,0x0000002ed6f00000]
Native frames: (J=compiled Java code, j=interpreted, Vv=VM code, C=native code)
V  [jvm.dll+0x683c9a]
V  [jvm.dll+0x8427a4]
V  [jvm.dll+0x843f9e]
V  [jvm.dll+0x844603]
V  [jvm.dll+0x249b75]
V  [jvm.dll+0x680b69]
V  [jvm.dll+0x67505a]
V  [jvm.dll+0x309acb]
V  [jvm.dll+0x310f86]
V  [jvm.dll+0x3608ee]
V  [jvm.dll+0x360b1f]
V  [jvm.dll+0x2dfbf8]
V  [jvm.dll+0x2ddec4]
V  [jvm.dll+0x2dd4cc]
V  [jvm.dll+0x321f3b]
V  [jvm.dll+0x848ccb]
V  [jvm.dll+0x849a04]
V  [jvm.dll+0x849f1d]
V  [jvm.dll+0x84a2f4]
V  [jvm.dll+0x84a3c0]
V  [jvm.dll+0x7f274a]
V  [jvm.dll+0x682ad5]
C  [ucrtbase.dll+0x29363]
C  [KERNEL32.DLL+0x1257d]
C  [ntdll.dll+0x5aa58]

VM_Operation (0x0000002ed68f7fa0): G1CollectForAllocation, mode: safepoint, requested by thread 0x000001beac658270


---------------  P R O C E S S  ---------------

Threads class SMR info:
_java_thread_list=0x000001bece64bab0, length=14, elements={
0x000001beac658270, 0x000001bec63a3620, 0x000001bec63a4290, 0x000001bec6d0a140,
0x000001bec6d0aaf0, 0x000001bec6d0d4b0, 0x000001bec6d0de60, 0x000001bec6d29700,
0x000001bec6d2a7b0, 0x000001bec6d30b00, 0x000001bec6ea38f0, 0x000001bec6eb0ce0,
0x000001becbf9c5a0, 0x000001becc1e5260
}

Java Threads: ( => current thread )
  0x000001beac658270 JavaThread "main" [_thread_blocked, id=12748, stack(0x0000002ed6800000,0x0000002ed6900000)]
  0x000001bec63a3620 JavaThread "Reference Handler" daemon [_thread_blocked, id=17640, stack(0x0000002ed6f00000,0x0000002ed7000000)]
  0x000001bec63a4290 JavaThread "Finalizer" daemon [_thread_blocked, id=1112, stack(0x0000002ed7000000,0x0000002ed7100000)]
  0x000001bec6d0a140 JavaThread "Signal Dispatcher" daemon [_thread_blocked, id=17952, stack(0x0000002ed7100000,0x0000002ed7200000)]
  0x000001bec6d0aaf0 JavaThread "Attach Listener" daemon [_thread_blocked, id=20436, stack(0x0000002ed7200000,0x0000002ed7300000)]
  0x000001bec6d0d4b0 JavaThread "Service Thread" daemon [_thread_blocked, id=11224, stack(0x0000002ed7300000,0x0000002ed7400000)]
  0x000001bec6d0de60 JavaThread "Monitor Deflation Thread" daemon [_thread_blocked, id=268, stack(0x0000002ed7400000,0x0000002ed7500000)]
  0x000001bec6d29700 JavaThread "C2 CompilerThread0" daemon [_thread_blocked, id=5888, stack(0x0000002ed7500000,0x0000002ed7600000)]
  0x000001bec6d2a7b0 JavaThread "C1 CompilerThread0" daemon [_thread_blocked, id=20724, stack(0x0000002ed7600000,0x0000002ed7700000)]
  0x000001bec6d30b00 JavaThread "Sweeper thread" daemon [_thread_blocked, id=568, stack(0x0000002ed7700000,0x0000002ed7800000)]
  0x000001bec6ea38f0 JavaThread "Notification Thread" daemon [_thread_blocked, id=19148, stack(0x0000002ed7800000,0x0000002ed7900000)]
  0x000001bec6eb0ce0 JavaThread "Common-Cleaner" daemon [_thread_blocked, id=19764, stack(0x0000002ed7a00000,0x0000002ed7b00000)]
  0x000001becbf9c5a0 JavaThread "C2 CompilerThread1" daemon [_thread_in_native, id=18788, stack(0x0000002ed7f00000,0x0000002ed8000000)]
  0x000001becc1e5260 JavaThread "C2 CompilerThread2" daemon [_thread_blocked, id=4112, stack(0x0000002ed8800000,0x0000002ed8900000)]

Other Threads:
=>0x000001bec639a7e0 VMThread "VM Thread" [stack: 0x0000002ed6e00000,0x0000002ed6f00000] [id=20316]
  0x000001bec6ea5200 WatcherThread [stack: 0x0000002ed7900000,0x0000002ed7a00000] [id=17636]
  0x000001beac6b0a10 GCTaskThread "GC Thread#0" [stack: 0x0000002ed6900000,0x0000002ed6a00000] [id=13244]
  0x000001bec74cc1f0 GCTaskThread "GC Thread#1" [stack: 0x0000002ed7b00000,0x0000002ed7c00000] [id=5492]
  0x000001bec74b27d0 GCTaskThread "GC Thread#2" [stack: 0x0000002ed7c00000,0x0000002ed7d00000] [id=18500]
  0x000001bec74b2a80 GCTaskThread "GC Thread#3" [stack: 0x0000002ed7d00000,0x0000002ed7e00000] [id=19188]
  0x000001bec74b4d40 GCTaskThread "GC Thread#4" [stack: 0x0000002ed7e00000,0x0000002ed7f00000] [id=8432]
  0x000001bec8b799c0 GCTaskThread "GC Thread#5" [stack: 0x0000002ed8000000,0x0000002ed8100000] [id=20404]
  0x000001bec8603b60 GCTaskThread "GC Thread#6" [stack: 0x0000002ed8100000,0x0000002ed8200000] [id=20032]
  0x000001bec8602b40 GCTaskThread "GC Thread#7" [stack: 0x0000002ed8200000,0x0000002ed8300000] [id=14412]
  0x000001bec8602890 GCTaskThread "GC Thread#8" [stack: 0x0000002ed8300000,0x0000002ed8400000] [id=20016]
  0x000001bec86025e0 GCTaskThread "GC Thread#9" [stack: 0x0000002ed8400000,0x0000002ed8500000] [id=10684]
  0x000001beac6c0650 ConcurrentGCThread "G1 Main Marker" [stack: 0x0000002ed6a00000,0x0000002ed6b00000] [id=9780]
  0x000001beac6c1060 ConcurrentGCThread "G1 Conc#0" [stack: 0x0000002ed6b00000,0x0000002ed6c00000] [id=1500]
  0x000001bec8602df0 ConcurrentGCThread "G1 Conc#1" [stack: 0x0000002ed8500000,0x0000002ed8600000] [id=12528]
  0x000001bec8602080 ConcurrentGCThread "G1 Conc#2" [stack: 0x0000002ed8600000,0x0000002ed8700000] [id=18536]
  0x000001beac71ec10 ConcurrentGCThread "G1 Refine#0" [stack: 0x0000002ed6c00000,0x0000002ed6d00000] [id=18532]
  0x000001bec9254df0 ConcurrentGCThread "G1 Refine#1" [stack: 0x0000002ed8700000,0x0000002ed8800000] [id=8028]
  0x000001bec61f5c10 ConcurrentGCThread "G1 Service" [stack: 0x0000002ed6d00000,0x0000002ed6e00000] [id=15240]

Threads with active compile tasks:
C2 CompilerThread0    13078 17454       4       org.jetbrains.kotlin.load.kotlin.TypeSignatureMappingKt::mapBuiltInType (339 bytes)
C1 CompilerThread0    13078 17486       3       org.jetbrains.kotlin.codegen.inline.MethodInlinerUtilKt$analyzeMethodNodeWithInterpreter$analyzer$1$newFrame$1::execute (30 bytes)
C2 CompilerThread1    13078 17268       4       org.jetbrains.kotlin.codegen.signature.JvmSignatureWriter::writeAsmType (73 bytes)
C2 CompilerThread2    13078 17458       4       org.jetbrains.kotlin.codegen.optimization.common.UtilKt::removeUnusedLocalVariables (472 bytes)

VM state: at safepoint (normal execution)

VM Mutex/Monitor currently owned by a thread:  ([mutex/lock_event])
[0x000001beac644490] Threads_lock - owner thread: 0x000001bec639a7e0
[0x000001beac652260] Heap_lock - owner thread: 0x000001beac658270

Heap address: 0x0000000089800000, size: 1896 MB, Compressed Oops mode: 32-bit

CDS archive(s) not mapped
Compressed class space mapped at: 0x0000000100000000-0x0000000140000000, reserved size: 1073741824
Narrow klass base: 0x0000000000000000, Narrow klass shift: 3, Narrow klass range: 0x140000000

GC Precious Log:
 CPUs: 12 total, 12 available
 Memory: 7581M
 Large Page Support: Disabled
 NUMA Support: Disabled
 Compressed Oops: Enabled (32-bit)
 Heap Region Size: 1M
 Heap Min Capacity: 8M
 Heap Initial Capacity: 120M
 Heap Max Capacity: 1896M
 Pre-touch: Disabled
 Parallel Workers: 10
 Concurrent Workers: 3
 Concurrent Refinement Workers: 10
 Periodic GC: Disabled

Heap:
 garbage-first heap   total 182272K, used 107528K [0x0000000089800000, 0x0000000100000000)
  region size 1024K, 5 young (5120K), 5 survivors (5120K)
 Metaspace       used 95261K, committed 95616K, reserved 1138688K
  class space    used 10436K, committed 10624K, reserved 1048576K

Heap Regions: E=young(eden), S=young(survivor), O=old, HS=humongous(starts), HC=humongous(continues), CS=collection set, F=free, OA=open archive, CA=closed archive, TAMS=top-at-mark-start (previous, next)
|   0|0x0000000089800000, 0x0000000089900000, 0x0000000089900000|100%|HS|  |TAMS 0x0000000089900000, 0x0000000089800000| Complete 
|   1|0x0000000089900000, 0x0000000089a00000, 0x0000000089a00000|100%|HC|  |TAMS 0x0000000089a00000, 0x0000000089900000| Complete 
|   2|0x0000000089a00000, 0x0000000089b00000, 0x0000000089b00000|100%|HC|  |TAMS 0x0000000089b00000, 0x0000000089a00000| Complete 
|   3|0x0000000089b00000, 0x0000000089c00000, 0x0000000089c00000|100%|HC|  |TAMS 0x0000000089c00000, 0x0000000089b00000| Complete 
|   4|0x0000000089c00000, 0x0000000089d00000, 0x0000000089d00000|100%| O|  |TAMS 0x0000000089d00000, 0x0000000089c00000| Untracked 
|   5|0x0000000089d00000, 0x0000000089e00000, 0x0000000089e00000|100%| O|  |TAMS 0x0000000089e00000, 0x0000000089d00000| Untracked 
|   6|0x0000000089e00000, 0x0000000089f00000, 0x0000000089f00000|100%| O|  |TAMS 0x0000000089f00000, 0x0000000089e00000| Untracked 
|   7|0x0000000089f00000, 0x000000008a000000, 0x000000008a000000|100%|HS|  |TAMS 0x000000008a000000, 0x0000000089f00000| Complete 
|   8|0x000000008a000000, 0x000000008a100000, 0x000000008a100000|100%|HC|  |TAMS 0x000000008a100000, 0x000000008a000000| Complete 
|   9|0x000000008a100000, 0x000000008a200000, 0x000000008a200000|100%|HC|  |TAMS 0x000000008a200000, 0x000000008a100000| Complete 
|  10|0x000000008a200000, 0x000000008a300000, 0x000000008a300000|100%|HC|  |TAMS 0x000000008a300000, 0x000000008a200000| Complete 
|  11|0x000000008a300000, 0x000000008a400000, 0x000000008a400000|100%| O|  |TAMS 0x000000008a400000, 0x000000008a300000| Untracked 
|  12|0x000000008a400000, 0x000000008a500000, 0x000000008a500000|100%| O|  |TAMS 0x000000008a500000, 0x000000008a400000| Untracked 
|  13|0x000000008a500000, 0x000000008a600000, 0x000000008a600000|100%| O|  |TAMS 0x000000008a600000, 0x000000008a500000| Untracked 
|  14|0x000000008a600000, 0x000000008a700000, 0x000000008a700000|100%| O|  |TAMS 0x000000008a700000, 0x000000008a600000| Untracked 
|  15|0x000000008a700000, 0x000000008a800000, 0x000000008a800000|100%| O|  |TAMS 0x000000008a800000, 0x000000008a700000| Untracked 
|  16|0x000000008a800000, 0x000000008a900000, 0x000000008a900000|100%| O|  |TAMS 0x000000008a900000, 0x000000008a800000| Untracked 
|  17|0x000000008a900000, 0x000000008aa00000, 0x000000008aa00000|100%| O|  |TAMS 0x000000008aa00000, 0x000000008a900000| Untracked 
|  18|0x000000008aa00000, 0x000000008ab00000, 0x000000008ab00000|100%| O|  |TAMS 0x000000008ab00000, 0x000000008aa00000| Untracked 
|  19|0x000000008ab00000, 0x000000008ac00000, 0x000000008ac00000|100%| O|  |TAMS 0x000000008ac00000, 0x000000008ab00000| Untracked 
|  20|0x000000008ac00000, 0x000000008ad00000, 0x000000008ad00000|100%| O|  |TAMS 0x000000008ad00000, 0x000000008ac00000| Untracked 
|  21|0x000000008ad00000, 0x000000008ae00000, 0x000000008ae00000|100%| O|  |TAMS 0x000000008ae00000, 0x000000008ad00000| Untracked 
|  22|0x000000008ae00000, 0x000000008af00000, 0x000000008af00000|100%| O|  |TAMS 0x000000008af00000, 0x000000008ae00000| Untracked 
|  23|0x000000008af00000, 0x000000008b000000, 0x000000008b000000|100%| O|  |TAMS 0x000000008b000000, 0x000000008af00000| Untracked 
|  24|0x000000008b000000, 0x000000008b100000, 0x000000008b100000|100%| O|  |TAMS 0x000000008b100000, 0x000000008b000000| Untracked 
|  25|0x000000008b100000, 0x000000008b200000, 0x000000008b200000|100%| O|  |TAMS 0x000000008b200000, 0x000000008b100000| Untracked 
|  26|0x000000008b200000, 0x000000008b300000, 0x000000008b300000|100%| O|  |TAMS 0x000000008b300000, 0x000000008b200000| Untracked 
|  27|0x000000008b300000, 0x000000008b400000, 0x000000008b400000|100%| O|  |TAMS 0x000000008b400000, 0x000000008b300000| Untracked 
|  28|0x000000008b400000, 0x000000008b500000, 0x000000008b500000|100%|HS|  |TAMS 0x000000008b500000, 0x000000008b400000| Complete 
|  29|0x000000008b500000, 0x000000008b600000, 0x000000008b600000|100%|HC|  |TAMS 0x000000008b600000, 0x000000008b500000| Complete 
|  30|0x000000008b600000, 0x000000008b700000, 0x000000008b700000|100%| O|  |TAMS 0x000000008b700000, 0x000000008b600000| Untracked 
|  31|0x000000008b700000, 0x000000008b800000, 0x000000008b800000|100%| O|  |TAMS 0x000000008b800000, 0x000000008b700000| Untracked 
|  32|0x000000008b800000, 0x000000008b900000, 0x000000008b900000|100%| O|  |TAMS 0x000000008b900000, 0x000000008b800000| Untracked 
|  33|0x000000008b900000, 0x000000008ba00000, 0x000000008ba00000|100%| O|  |TAMS 0x000000008ba00000, 0x000000008b900000| Untracked 
|  34|0x000000008ba00000, 0x000000008bb00000, 0x000000008bb00000|100%| O|  |TAMS 0x000000008bb00000, 0x000000008ba00000| Untracked 
|  35|0x000000008bb00000, 0x000000008bc00000, 0x000000008bc00000|100%| O|  |TAMS 0x000000008bc00000, 0x000000008bb00000| Untracked 
|  36|0x000000008bc00000, 0x000000008bd00000, 0x000000008bd00000|100%| O|  |TAMS 0x000000008bd00000, 0x000000008bc00000| Untracked 
|  37|0x000000008bd00000, 0x000000008be00000, 0x000000008be00000|100%| O|  |TAMS 0x000000008be00000, 0x000000008bd00000| Untracked 
|  38|0x000000008be00000, 0x000000008bf00000, 0x000000008bf00000|100%| O|  |TAMS 0x000000008be00000, 0x000000008be00000| Untracked 
|  39|0x000000008bf00000, 0x000000008c000000, 0x000000008c000000|100%| O|  |TAMS 0x000000008c000000, 0x000000008bf00000| Untracked 
|  40|0x000000008c000000, 0x000000008c100000, 0x000000008c100000|100%| O|  |TAMS 0x000000008c100000, 0x000000008c000000| Untracked 
|  41|0x000000008c100000, 0x000000008c200000, 0x000000008c200000|100%| O|  |TAMS 0x000000008c200000, 0x000000008c100000| Untracked 
|  42|0x000000008c200000, 0x000000008c300000, 0x000000008c300000|100%| O|  |TAMS 0x000000008c300000, 0x000000008c200000| Untracked 
|  43|0x000000008c300000, 0x000000008c400000, 0x000000008c400000|100%| O|  |TAMS 0x000000008c400000, 0x000000008c300000| Untracked 
|  44|0x000000008c400000, 0x000000008c500000, 0x000000008c500000|100%| O|  |TAMS 0x000000008c500000, 0x000000008c400000| Untracked 
|  45|0x000000008c500000, 0x000000008c600000, 0x000000008c600000|100%| O|  |TAMS 0x000000008c600000, 0x000000008c500000| Untracked 
|  46|0x000000008c600000, 0x000000008c700000, 0x000000008c700000|100%| O|  |TAMS 0x000000008c700000, 0x000000008c600000| Untracked 
|  47|0x000000008c700000, 0x000000008c800000, 0x000000008c800000|100%| O|  |TAMS 0x000000008c800000, 0x000000008c700000| Untracked 
|  48|0x000000008c800000, 0x000000008c900000, 0x000000008c900000|100%| O|  |TAMS 0x000000008c900000, 0x000000008c800000| Untracked 
|  49|0x000000008c900000, 0x000000008ca00000, 0x000000008ca00000|100%| O|  |TAMS 0x000000008ca00000, 0x000000008c900000| Untracked 
|  50|0x000000008ca00000, 0x000000008cb00000, 0x000000008cb00000|100%| O|  |TAMS 0x000000008cb00000, 0x000000008ca00000| Untracked 
|  51|0x000000008cb00000, 0x000000008cc00000, 0x000000008cc00000|100%| O|  |TAMS 0x000000008cc00000, 0x000000008cb00000| Untracked 
|  52|0x000000008cc00000, 0x000000008cd00000, 0x000000008cd00000|100%| O|  |TAMS 0x000000008cd00000, 0x000000008cc00000| Untracked 
|  53|0x000000008cd00000, 0x000000008ce00000, 0x000000008ce00000|100%| O|  |TAMS 0x000000008ce00000, 0x000000008cd00000| Untracked 
|  54|0x000000008ce00000, 0x000000008cf00000, 0x000000008cf00000|100%| O|  |TAMS 0x000000008cf00000, 0x000000008ce00000| Untracked 
|  55|0x000000008cf00000, 0x000000008d000000, 0x000000008d000000|100%| O|  |TAMS 0x000000008cf00000, 0x000000008cf00000| Untracked 
|  56|0x000000008d000000, 0x000000008d100000, 0x000000008d100000|100%| O|  |TAMS 0x000000008d000000, 0x000000008d000000| Untracked 
|  57|0x000000008d100000, 0x000000008d200000, 0x000000008d200000|100%| O|  |TAMS 0x000000008d100000, 0x000000008d100000| Untracked 
|  58|0x000000008d200000, 0x000000008d300000, 0x000000008d300000|100%| O|  |TAMS 0x000000008d200000, 0x000000008d200000| Untracked 
|  59|0x000000008d300000, 0x000000008d400000, 0x000000008d400000|100%| O|  |TAMS 0x000000008d300000, 0x000000008d300000| Untracked 
|  60|0x000000008d400000, 0x000000008d500000, 0x000000008d500000|100%| O|  |TAMS 0x000000008d400000, 0x000000008d400000| Untracked 
|  61|0x000000008d500000, 0x000000008d600000, 0x000000008d600000|100%| O|  |TAMS 0x000000008d500000, 0x000000008d500000| Untracked 
|  62|0x000000008d600000, 0x000000008d700000, 0x000000008d700000|100%| O|  |TAMS 0x000000008d600000, 0x000000008d600000| Untracked 
|  63|0x000000008d700000, 0x000000008d800000, 0x000000008d800000|100%| O|  |TAMS 0x000000008d700000, 0x000000008d700000| Untracked 
|  64|0x000000008d800000, 0x000000008d900000, 0x000000008d900000|100%| O|  |TAMS 0x000000008d800000, 0x000000008d800000| Untracked 
|  65|0x000000008d900000, 0x000000008da00000, 0x000000008da00000|100%| O|  |TAMS 0x000000008d900000, 0x000000008d900000| Untracked 
|  66|0x000000008da00000, 0x000000008db00000, 0x000000008db00000|100%| O|  |TAMS 0x000000008da00000, 0x000000008da00000| Untracked 
|  67|0x000000008db00000, 0x000000008dc00000, 0x000000008dc00000|100%| O|  |TAMS 0x000000008db00000, 0x000000008db00000| Untracked 
|  68|0x000000008dc00000, 0x000000008dd00000, 0x000000008dd00000|100%| O|  |TAMS 0x000000008dc00000, 0x000000008dc00000| Untracked 
|  69|0x000000008dd00000, 0x000000008de00000, 0x000000008de00000|100%| O|  |TAMS 0x000000008dd00000, 0x000000008dd00000| Untracked 
|  70|0x000000008de00000, 0x000000008df00000, 0x000000008df00000|100%| O|  |TAMS 0x000000008de00000, 0x000000008de00000| Untracked 
|  71|0x000000008df00000, 0x000000008e000000, 0x000000008e000000|100%| O|  |TAMS 0x000000008df00000, 0x000000008df00000| Untracked 
|  72|0x000000008e000000, 0x000000008e100000, 0x000000008e100000|100%| O|  |TAMS 0x000000008e000000, 0x000000008e000000| Untracked 
|  73|0x000000008e100000, 0x000000008e200000, 0x000000008e200000|100%| O|  |TAMS 0x000000008e100000, 0x000000008e100000| Untracked 
|  74|0x000000008e200000, 0x000000008e300000, 0x000000008e300000|100%| O|  |TAMS 0x000000008e200000, 0x000000008e200000| Untracked 
|  75|0x000000008e300000, 0x000000008e400000, 0x000000008e400000|100%| O|  |TAMS 0x000000008e300000, 0x000000008e300000| Untracked 
|  76|0x000000008e400000, 0x000000008e500000, 0x000000008e500000|100%| O|  |TAMS 0x000000008e400000, 0x000000008e400000| Untracked 
|  77|0x000000008e500000, 0x000000008e600000, 0x000000008e600000|100%| O|  |TAMS 0x000000008e500000, 0x000000008e500000| Untracked 
|  78|0x000000008e600000, 0x000000008e700000, 0x000000008e700000|100%| O|  |TAMS 0x000000008e600000, 0x000000008e600000| Untracked 
|  79|0x000000008e700000, 0x000000008e800000, 0x000000008e800000|100%| O|  |TAMS 0x000000008e700000, 0x000000008e700000| Untracked 
|  80|0x000000008e800000, 0x000000008e900000, 0x000000008e900000|100%| O|  |TAMS 0x000000008e800000, 0x000000008e800000| Untracked 
|  81|0x000000008e900000, 0x000000008ea00000, 0x000000008ea00000|100%| O|  |TAMS 0x000000008e900000, 0x000000008e900000| Untracked 
|  82|0x000000008ea00000, 0x000000008eb00000, 0x000000008eb00000|100%| O|  |TAMS 0x000000008ea00000, 0x000000008ea00000| Untracked 
|  83|0x000000008eb00000, 0x000000008ec00000, 0x000000008ec00000|100%| O|  |TAMS 0x000000008eb00000, 0x000000008eb00000| Untracked 
|  84|0x000000008ec00000, 0x000000008ed00000, 0x000000008ed00000|100%| O|  |TAMS 0x000000008ec00000, 0x000000008ec00000| Untracked 
|  85|0x000000008ed00000, 0x000000008ee00000, 0x000000008ee00000|100%| O|  |TAMS 0x000000008ed00000, 0x000000008ed00000| Untracked 
|  86|0x000000008ee00000, 0x000000008ef00000, 0x000000008ef00000|100%| O|  |TAMS 0x000000008ee00000, 0x000000008ee00000| Untracked 
|  87|0x000000008ef00000, 0x000000008f000000, 0x000000008f000000|100%| O|  |TAMS 0x000000008ef00000, 0x000000008ef00000| Untracked 
|  88|0x000000008f000000, 0x000000008f100000, 0x000000008f100000|100%| O|  |TAMS 0x000000008f000000, 0x000000008f000000| Untracked 
|  89|0x000000008f100000, 0x000000008f200000, 0x000000008f200000|100%| O|  |TAMS 0x000000008f100000, 0x000000008f100000| Untracked 
|  90|0x000000008f200000, 0x000000008f300000, 0x000000008f300000|100%| O|  |TAMS 0x000000008f200000, 0x000000008f200000| Untracked 
|  91|0x000000008f300000, 0x000000008f400000, 0x000000008f400000|100%| O|  |TAMS 0x000000008f300000, 0x000000008f300000| Untracked 
|  92|0x000000008f400000, 0x000000008f500000, 0x000000008f500000|100%| O|  |TAMS 0x000000008f400000, 0x000000008f400000| Untracked 
|  93|0x000000008f500000, 0x000000008f600000, 0x000000008f600000|100%| O|  |TAMS 0x000000008f500000, 0x000000008f500000| Untracked 
|  94|0x000000008f600000, 0x000000008f700000, 0x000000008f700000|100%| O|  |TAMS 0x000000008f600000, 0x000000008f600000| Untracked 
|  95|0x000000008f700000, 0x000000008f800000, 0x000000008f800000|100%| O|  |TAMS 0x000000008f700000, 0x000000008f700000| Untracked 
|  96|0x000000008f800000, 0x000000008f900000, 0x000000008f900000|100%| O|  |TAMS 0x000000008f800000, 0x000000008f800000| Untracked 
|  97|0x000000008f900000, 0x000000008fa00000, 0x000000008fa00000|100%| O|  |TAMS 0x000000008f900000, 0x000000008f900000| Untracked 
|  98|0x000000008fa00000, 0x000000008fb00000, 0x000000008fb00000|100%| O|  |TAMS 0x000000008fa00000, 0x000000008fa00000| Untracked 
|  99|0x000000008fb00000, 0x000000008fc00000, 0x000000008fc00000|100%| O|  |TAMS 0x000000008fb00000, 0x000000008fb00000| Untracked 
| 100|0x000000008fc00000, 0x000000008fce7c00, 0x000000008fd00000| 90%| O|  |TAMS 0x000000008fc00000, 0x000000008fc00000| Untracked 
| 101|0x000000008fd00000, 0x000000008fd00000, 0x000000008fe00000|  0%| F|  |TAMS 0x000000008fd00000, 0x000000008fd00000| Untracked 
| 102|0x000000008fe00000, 0x000000008fe00000, 0x000000008ff00000|  0%| F|  |TAMS 0x000000008fe00000, 0x000000008fe00000| Untracked 
| 103|0x000000008ff00000, 0x000000008ff00000, 0x0000000090000000|  0%| F|  |TAMS 0x000000008ff00000, 0x000000008ff00000| Untracked 
| 104|0x0000000090000000, 0x0000000090000000, 0x0000000090100000|  0%| F|  |TAMS 0x0000000090000000, 0x0000000090000000| Untracked 
| 105|0x0000000090100000, 0x0000000090100000, 0x0000000090200000|  0%| F|  |TAMS 0x0000000090100000, 0x0000000090100000| Untracked 
| 106|0x0000000090200000, 0x0000000090200000, 0x0000000090300000|  0%| F|  |TAMS 0x0000000090200000, 0x0000000090200000| Untracked 
| 107|0x0000000090300000, 0x0000000090300000, 0x0000000090400000|  0%| F|  |TAMS 0x0000000090300000, 0x0000000090300000| Untracked 
| 108|0x0000000090400000, 0x0000000090400000, 0x0000000090500000|  0%| F|  |TAMS 0x0000000090400000, 0x0000000090400000| Untracked 
| 109|0x0000000090500000, 0x0000000090500000, 0x0000000090600000|  0%| F|  |TAMS 0x0000000090500000, 0x0000000090500000| Untracked 
| 110|0x0000000090600000, 0x0000000090600000, 0x0000000090700000|  0%| F|  |TAMS 0x0000000090600000, 0x0000000090600000| Untracked 
| 111|0x0000000090700000, 0x0000000090700000, 0x0000000090800000|  0%| F|  |TAMS 0x0000000090700000, 0x0000000090700000| Untracked 
| 112|0x0000000090800000, 0x0000000090800000, 0x0000000090900000|  0%| F|  |TAMS 0x0000000090800000, 0x0000000090800000| Untracked 
| 113|0x0000000090900000, 0x0000000090900000, 0x0000000090a00000|  0%| F|  |TAMS 0x0000000090900000, 0x0000000090900000| Untracked 
| 114|0x0000000090a00000, 0x0000000090a00000, 0x0000000090b00000|  0%| F|  |TAMS 0x0000000090a00000, 0x0000000090a00000| Untracked 
| 115|0x0000000090b00000, 0x0000000090b00000, 0x0000000090c00000|  0%| F|  |TAMS 0x0000000090b00000, 0x0000000090b00000| Untracked 
| 116|0x0000000090c00000, 0x0000000090c00000, 0x0000000090d00000|  0%| F|  |TAMS 0x0000000090c00000, 0x0000000090c00000| Untracked 
| 117|0x0000000090d00000, 0x0000000090d00000, 0x0000000090e00000|  0%| F|  |TAMS 0x0000000090d00000, 0x0000000090d00000| Untracked 
| 118|0x0000000090e00000, 0x0000000090e00000, 0x0000000090f00000|  0%| F|  |TAMS 0x0000000090e00000, 0x0000000090e00000| Untracked 
| 119|0x0000000090f00000, 0x0000000090f00000, 0x0000000091000000|  0%| F|  |TAMS 0x0000000090f00000, 0x0000000090f00000| Untracked 
| 120|0x0000000091000000, 0x0000000091000000, 0x0000000091100000|  0%| F|  |TAMS 0x0000000091000000, 0x0000000091000000| Untracked 
| 121|0x0000000091100000, 0x0000000091100000, 0x0000000091200000|  0%| F|  |TAMS 0x0000000091100000, 0x0000000091100000| Untracked 
| 122|0x0000000091200000, 0x0000000091200000, 0x0000000091300000|  0%| F|  |TAMS 0x0000000091200000, 0x0000000091200000| Untracked 
| 123|0x0000000091300000, 0x0000000091300000, 0x0000000091400000|  0%| F|  |TAMS 0x0000000091300000, 0x0000000091300000| Untracked 
| 124|0x0000000091400000, 0x0000000091400000, 0x0000000091500000|  0%| F|  |TAMS 0x0000000091400000, 0x0000000091400000| Untracked 
| 125|0x0000000091500000, 0x0000000091500000, 0x0000000091600000|  0%| F|  |TAMS 0x0000000091500000, 0x0000000091500000| Untracked 
| 126|0x0000000091600000, 0x0000000091600000, 0x0000000091700000|  0%| F|  |TAMS 0x0000000091600000, 0x0000000091600000| Untracked 
| 127|0x0000000091700000, 0x0000000091700000, 0x0000000091800000|  0%| F|  |TAMS 0x0000000091700000, 0x0000000091700000| Untracked 
| 128|0x0000000091800000, 0x000000009181a738, 0x0000000091900000| 10%| S|CS|TAMS 0x0000000091800000, 0x0000000091800000| Complete 
| 129|0x0000000091900000, 0x0000000091a00000, 0x0000000091a00000|100%| S|CS|TAMS 0x0000000091900000, 0x0000000091900000| Complete 
| 130|0x0000000091a00000, 0x0000000091b00000, 0x0000000091b00000|100%| S|CS|TAMS 0x0000000091a00000, 0x0000000091a00000| Complete 
| 131|0x0000000091b00000, 0x0000000091c00000, 0x0000000091c00000|100%| S|CS|TAMS 0x0000000091b00000, 0x0000000091b00000| Complete 
| 132|0x0000000091c00000, 0x0000000091d00000, 0x0000000091d00000|100%| S|CS|TAMS 0x0000000091c00000, 0x0000000091c00000| Complete 
| 133|0x0000000091d00000, 0x0000000091d00000, 0x0000000091e00000|  0%| F|  |TAMS 0x0000000091d00000, 0x0000000091d00000| Untracked 
| 134|0x0000000091e00000, 0x0000000091e00000, 0x0000000091f00000|  0%| F|  |TAMS 0x0000000091e00000, 0x0000000091e00000| Untracked 
| 135|0x0000000091f00000, 0x0000000091f00000, 0x0000000092000000|  0%| F|  |TAMS 0x0000000091f00000, 0x0000000091f00000| Untracked 
| 136|0x0000000092000000, 0x0000000092000000, 0x0000000092100000|  0%| F|  |TAMS 0x0000000092000000, 0x0000000092000000| Untracked 
| 137|0x0000000092100000, 0x0000000092100000, 0x0000000092200000|  0%| F|  |TAMS 0x0000000092100000, 0x0000000092100000| Untracked 
| 138|0x0000000092200000, 0x0000000092200000, 0x0000000092300000|  0%| F|  |TAMS 0x0000000092200000, 0x0000000092200000| Untracked 
| 139|0x0000000092300000, 0x0000000092300000, 0x0000000092400000|  0%| F|  |TAMS 0x0000000092300000, 0x0000000092300000| Untracked 
| 140|0x0000000092400000, 0x0000000092400000, 0x0000000092500000|  0%| F|  |TAMS 0x0000000092400000, 0x0000000092400000| Untracked 
| 141|0x0000000092500000, 0x0000000092500000, 0x0000000092600000|  0%| F|  |TAMS 0x0000000092500000, 0x0000000092500000| Untracked 
| 142|0x0000000092600000, 0x0000000092600000, 0x0000000092700000|  0%| F|  |TAMS 0x0000000092600000, 0x0000000092600000| Untracked 
| 143|0x0000000092700000, 0x0000000092700000, 0x0000000092800000|  0%| F|  |TAMS 0x0000000092700000, 0x0000000092700000| Untracked 
| 144|0x0000000092800000, 0x0000000092800000, 0x0000000092900000|  0%| F|  |TAMS 0x0000000092800000, 0x0000000092800000| Untracked 
| 145|0x0000000092900000, 0x0000000092900000, 0x0000000092a00000|  0%| F|  |TAMS 0x0000000092900000, 0x0000000092900000| Untracked 
| 146|0x0000000092a00000, 0x0000000092a00000, 0x0000000092b00000|  0%| F|  |TAMS 0x0000000092a00000, 0x0000000092a00000| Untracked 
| 147|0x0000000092b00000, 0x0000000092b00000, 0x0000000092c00000|  0%| F|  |TAMS 0x0000000092b00000, 0x0000000092b00000| Untracked 
| 148|0x0000000092c00000, 0x0000000092c00000, 0x0000000092d00000|  0%| F|  |TAMS 0x0000000092c00000, 0x0000000092c00000| Untracked 
| 149|0x0000000092d00000, 0x0000000092d00000, 0x0000000092e00000|  0%| F|  |TAMS 0x0000000092d00000, 0x0000000092d00000| Untracked 
| 150|0x0000000092e00000, 0x0000000092e00000, 0x0000000092f00000|  0%| F|  |TAMS 0x0000000092e00000, 0x0000000092e00000| Untracked 
| 151|0x0000000092f00000, 0x0000000092f00000, 0x0000000093000000|  0%| F|  |TAMS 0x0000000092f00000, 0x0000000092f00000| Untracked 
| 152|0x0000000093000000, 0x0000000093000000, 0x0000000093100000|  0%| F|  |TAMS 0x0000000093000000, 0x0000000093000000| Untracked 
| 153|0x0000000093100000, 0x0000000093100000, 0x0000000093200000|  0%| F|  |TAMS 0x0000000093100000, 0x0000000093100000| Untracked 
| 154|0x0000000093200000, 0x0000000093200000, 0x0000000093300000|  0%| F|  |TAMS 0x0000000093200000, 0x0000000093200000| Untracked 
| 155|0x0000000093300000, 0x0000000093300000, 0x0000000093400000|  0%| F|  |TAMS 0x0000000093300000, 0x0000000093300000| Untracked 
| 156|0x0000000093400000, 0x0000000093400000, 0x0000000093500000|  0%| F|  |TAMS 0x0000000093400000, 0x0000000093400000| Untracked 
| 157|0x0000000093500000, 0x0000000093500000, 0x0000000093600000|  0%| F|  |TAMS 0x0000000093500000, 0x0000000093500000| Untracked 
| 158|0x0000000093600000, 0x0000000093600000, 0x0000000093700000|  0%| F|  |TAMS 0x0000000093600000, 0x0000000093600000| Untracked 
| 159|0x0000000093700000, 0x0000000093700000, 0x0000000093800000|  0%| F|  |TAMS 0x0000000093700000, 0x0000000093700000| Untracked 
| 160|0x0000000093800000, 0x0000000093800000, 0x0000000093900000|  0%| F|  |TAMS 0x0000000093800000, 0x0000000093800000| Untracked 
| 161|0x0000000093900000, 0x0000000093900000, 0x0000000093a00000|  0%| F|  |TAMS 0x0000000093900000, 0x0000000093900000| Untracked 
| 162|0x0000000093a00000, 0x0000000093a00000, 0x0000000093b00000|  0%| F|  |TAMS 0x0000000093a00000, 0x0000000093a00000| Untracked 
| 163|0x0000000093b00000, 0x0000000093b00000, 0x0000000093c00000|  0%| F|  |TAMS 0x0000000093b00000, 0x0000000093b00000| Untracked 
| 164|0x0000000093c00000, 0x0000000093c00000, 0x0000000093d00000|  0%| F|  |TAMS 0x0000000093c00000, 0x0000000093c00000| Untracked 
| 165|0x0000000093d00000, 0x0000000093d00000, 0x0000000093e00000|  0%| F|  |TAMS 0x0000000093d00000, 0x0000000093d00000| Untracked 
| 166|0x0000000093e00000, 0x0000000093e00000, 0x0000000093f00000|  0%| F|  |TAMS 0x0000000093e00000, 0x0000000093e00000| Untracked 
| 167|0x0000000093f00000, 0x0000000093f00000, 0x0000000094000000|  0%| F|  |TAMS 0x0000000093f00000, 0x0000000093f00000| Untracked 
| 168|0x0000000094000000, 0x0000000094000000, 0x0000000094100000|  0%| F|  |TAMS 0x0000000094000000, 0x0000000094000000| Untracked 
| 169|0x0000000094100000, 0x0000000094100000, 0x0000000094200000|  0%| F|  |TAMS 0x0000000094100000, 0x0000000094100000| Untracked 
| 170|0x0000000094200000, 0x0000000094200000, 0x0000000094300000|  0%| F|  |TAMS 0x0000000094200000, 0x0000000094200000| Untracked 
| 171|0x0000000094300000, 0x0000000094300000, 0x0000000094400000|  0%| F|  |TAMS 0x0000000094300000, 0x0000000094300000| Untracked 
| 172|0x0000000094400000, 0x0000000094400000, 0x0000000094500000|  0%| F|  |TAMS 0x0000000094400000, 0x0000000094400000| Untracked 
| 173|0x0000000094500000, 0x0000000094500000, 0x0000000094600000|  0%| F|  |TAMS 0x0000000094500000, 0x0000000094500000| Untracked 
| 174|0x0000000094600000, 0x0000000094600000, 0x0000000094700000|  0%| F|  |TAMS 0x0000000094600000, 0x0000000094600000| Untracked 
| 175|0x0000000094700000, 0x0000000094700000, 0x0000000094800000|  0%| F|  |TAMS 0x0000000094700000, 0x0000000094700000| Untracked 
| 176|0x0000000094800000, 0x0000000094800000, 0x0000000094900000|  0%| F|  |TAMS 0x0000000094800000, 0x0000000094800000| Untracked 
| 177|0x0000000094900000, 0x0000000094900000, 0x0000000094a00000|  0%| F|  |TAMS 0x0000000094900000, 0x0000000094900000| Untracked 

Card table byte_map: [0x000001bebf450000,0x000001bebf810000] _byte_map_base: 0x000001bebf004000

Marking Bits (Prev, Next): (CMBitMap*) 0x000001beac6b1060, (CMBitMap*) 0x000001beac6b1020
 Prev Bits: [0x000001bec1970000, 0x000001bec3710000)
 Next Bits: [0x000001bebfbd0000, 0x000001bec1970000)

Polling page: 0x000001beaa660000

Metaspace:

Usage:
  Non-class:     82.84 MB used.
      Class:     10.19 MB used.
       Both:     93.03 MB used.

Virtual space:
  Non-class space:       88.00 MB reserved,      83.00 MB ( 94%) committed,  11 nodes.
      Class space:        1.00 GB reserved,      10.38 MB (  1%) committed,  1 nodes.
             Both:        1.09 GB reserved,      93.38 MB (  8%) committed. 

Chunk freelists:
   Non-Class:  416.00 KB
       Class:  1.67 MB
        Both:  2.08 MB

MaxMetaspaceSize: unlimited
CompressedClassSpaceSize: 1.00 GB
Initial GC threshold: 21.00 MB
Current GC threshold: 99.81 MB
CDS: off
MetaspaceReclaimPolicy: balanced
 - commit_granule_bytes: 65536.
 - commit_granule_words: 8192.
 - virtual_space_node_default_size: 1048576.
 - enlarge_chunks_in_place: 1.
 - new_chunks_are_fully_committed: 0.
 - uncommit_free_chunks: 1.
 - use_allocation_guard: 0.
 - handle_deallocations: 1.


Internal statistics:

num_allocs_failed_limit: 3.
num_arena_births: 388.
num_arena_deaths: 0.
num_vsnodes_births: 12.
num_vsnodes_deaths: 0.
num_space_committed: 1492.
num_space_uncommitted: 0.
num_chunks_returned_to_freelist: 3.
num_chunks_taken_from_freelist: 3457.
num_chunk_merges: 3.
num_chunk_splits: 2831.
num_chunks_enlarged: 2511.
num_purges: 0.
num_inconsistent_stats: 0.

CodeHeap 'non-profiled nmethods': size=120000Kb used=7785Kb max_used=7785Kb free=112214Kb
 bounds [0x000001beb75f0000, 0x000001beb7d90000, 0x000001bebeb20000]
CodeHeap 'profiled nmethods': size=120000Kb used=41768Kb max_used=41768Kb free=78231Kb
 bounds [0x000001beafb20000, 0x000001beb23f0000, 0x000001beb7050000]
CodeHeap 'non-nmethods': size=5760Kb used=1425Kb max_used=1486Kb free=4334Kb
 bounds [0x000001beb7050000, 0x000001beb72c0000, 0x000001beb75f0000]
 total_blobs=15303 nmethods=14543 adapters=669
 compilation: enabled
              stopped_count=0, restarted_count=0
 full_count=0

Compilation events (20 events):
Event: 13.023 Thread 0x000001bec6d2a7b0 nmethod 17469 0x000001beb23dcb10 code [0x000001beb23dcd20, 0x000001beb23dd368]
Event: 13.023 Thread 0x000001bec6d2a7b0 17479       3       org.jetbrains.kotlin.codegen.inline.MaxStackFrameSizeAndLocalsCalculator::visitLdcInsn (42 bytes)
Event: 13.023 Thread 0x000001bec6d2a7b0 nmethod 17479 0x000001beb23dd610 code [0x000001beb23dd800, 0x000001beb23dde38]
Event: 13.023 Thread 0x000001bec6d2a7b0 17480       3       org.jetbrains.org.objectweb.asm.SymbolTable::addTypeInternal (85 bytes)
Event: 13.023 Thread 0x000001bec6d2a7b0 nmethod 17480 0x000001beb23ddf90 code [0x000001beb23de160, 0x000001beb23de778]
Event: 13.023 Thread 0x000001bec6d2a7b0 17482       3       org.jetbrains.kotlin.backend.jvm.codegen.IrCodegenUtilsKt::isDeprecatedCallable (127 bytes)
Event: 13.024 Thread 0x000001bec6d2a7b0 nmethod 17482 0x000001beb23de910 code [0x000001beb23ded00, 0x000001beb23e0918]
Event: 13.024 Thread 0x000001bec6d2a7b0 17481       3       org.jetbrains.kotlin.types.model.TypeSystemContext::isNothing (38 bytes)
Event: 13.024 Thread 0x000001bec6d2a7b0 nmethod 17481 0x000001beb23e1190 code [0x000001beb23e13e0, 0x000001beb23e1c68]
Event: 13.024 Thread 0x000001bec6d2a7b0 17483       3       org.jetbrains.kotlin.codegen.StackValue::coerce (434 bytes)
Event: 13.027 Thread 0x000001bec6d2a7b0 nmethod 17483 0x000001beb23e1f10 code [0x000001beb23e27a0, 0x000001beb23e6a98]
Event: 13.027 Thread 0x000001bec6d2a7b0 17484       3       org.jetbrains.kotlin.backend.jvm.codegen.AnnotationCodegen$Companion::isInvisibleForNullabilityAnalysis (70 bytes)
Event: 13.028 Thread 0x000001bec6d2a7b0 nmethod 17484 0x000001beb23e7e90 code [0x000001beb23e80e0, 0x000001beb23e8b88]
Event: 13.028 Thread 0x000001bec6d2a7b0 17485       3       org.jetbrains.kotlin.backend.jvm.codegen.FunctionCodegen::<init> (38 bytes)
Event: 13.028 Thread 0x000001bec6d2a7b0 nmethod 17485 0x000001beb23e8e10 code [0x000001beb23e90a0, 0x000001beb23e9c58]
Event: 13.028 Thread 0x000001bec6d2a7b0 17470       3       org.jetbrains.kotlin.ir.types.IrTypesKt$typeConstructorParameters$1::invoke (9 bytes)
Event: 13.028 Thread 0x000001bec6d2a7b0 nmethod 17470 0x000001beb23ea090 code [0x000001beb23ea240, 0x000001beb23ea488]
Event: 13.028 Thread 0x000001bec6d2a7b0 17471       3       org.jetbrains.kotlin.ir.types.IrTypesKt$typeConstructorParameters$1::invoke (130 bytes)
Event: 13.029 Thread 0x000001bec6d2a7b0 nmethod 17471 0x000001beb23ea590 code [0x000001beb23eaaa0, 0x000001beb23ed8d8]
Event: 13.029 Thread 0x000001bec6d2a7b0 17486       3       org.jetbrains.kotlin.codegen.inline.MethodInlinerUtilKt$analyzeMethodNodeWithInterpreter$analyzer$1$newFrame$1::execute (30 bytes)

GC Heap History (20 events):
Event: 5.579 GC heap after
{Heap after GC invocations=22 (full 0):
 garbage-first heap   total 91136K, used 56575K [0x0000000089800000, 0x0000000100000000)
  region size 1024K, 1 young (1024K), 1 survivors (1024K)
 Metaspace       used 60835K, committed 61120K, reserved 1105920K
  class space    used 7201K, committed 7296K, reserved 1048576K
}
Event: 5.719 GC heap before
{Heap before GC invocations=22 (full 0):
 garbage-first heap   total 91136K, used 72959K [0x0000000089800000, 0x0000000100000000)
  region size 1024K, 17 young (17408K), 1 survivors (1024K)
 Metaspace       used 61019K, committed 61312K, reserved 1105920K
  class space    used 7201K, committed 7296K, reserved 1048576K
}
Event: 5.728 GC heap after
{Heap after GC invocations=23 (full 0):
 garbage-first heap   total 182272K, used 59730K [0x0000000089800000, 0x0000000100000000)
  region size 1024K, 3 young (3072K), 3 survivors (3072K)
 Metaspace       used 61019K, committed 61312K, reserved 1105920K
  class space    used 7201K, committed 7296K, reserved 1048576K
}
Event: 6.670 GC heap before
{Heap before GC invocations=24 (full 0):
 garbage-first heap   total 182272K, used 130386K [0x0000000089800000, 0x0000000100000000)
  region size 1024K, 72 young (73728K), 3 survivors (3072K)
 Metaspace       used 65608K, committed 65984K, reserved 1114112K
  class space    used 7715K, committed 7872K, reserved 1048576K
}
Event: 6.684 GC heap after
{Heap after GC invocations=25 (full 0):
 garbage-first heap   total 182272K, used 69186K [0x0000000089800000, 0x0000000100000000)
  region size 1024K, 9 young (9216K), 9 survivors (9216K)
 Metaspace       used 65608K, committed 65984K, reserved 1114112K
  class space    used 7715K, committed 7872K, reserved 1048576K
}
Event: 6.705 GC heap before
{Heap before GC invocations=25 (full 0):
 garbage-first heap   total 182272K, used 69186K [0x0000000089800000, 0x0000000100000000)
  region size 1024K, 10 young (10240K), 9 survivors (9216K)
 Metaspace       used 65754K, committed 66112K, reserved 1114112K
  class space    used 7725K, committed 7872K, reserved 1048576K
}
Event: 6.712 GC heap after
{Heap after GC invocations=26 (full 0):
 garbage-first heap   total 182272K, used 69993K [0x0000000089800000, 0x0000000100000000)
  region size 1024K, 2 young (2048K), 2 survivors (2048K)
 Metaspace       used 65754K, committed 66112K, reserved 1114112K
  class space    used 7725K, committed 7872K, reserved 1048576K
}
Event: 7.936 GC heap before
{Heap before GC invocations=26 (full 0):
 garbage-first heap   total 182272K, used 137577K [0x0000000089800000, 0x0000000100000000)
  region size 1024K, 67 young (68608K), 2 survivors (2048K)
 Metaspace       used 70228K, committed 70656K, reserved 1114112K
  class space    used 8121K, committed 8320K, reserved 1048576K
}
Event: 7.945 GC heap after
{Heap after GC invocations=27 (full 0):
 garbage-first heap   total 182272K, used 78848K [0x0000000089800000, 0x0000000100000000)
  region size 1024K, 9 young (9216K), 9 survivors (9216K)
 Metaspace       used 70228K, committed 70656K, reserved 1114112K
  class space    used 8121K, committed 8320K, reserved 1048576K
}
Event: 9.193 GC heap before
{Heap before GC invocations=27 (full 0):
 garbage-first heap   total 182272K, used 140288K [0x0000000089800000, 0x0000000100000000)
  region size 1024K, 69 young (70656K), 9 survivors (9216K)
 Metaspace       used 72673K, committed 73024K, reserved 1114112K
  class space    used 8339K, committed 8512K, reserved 1048576K
}
Event: 9.208 GC heap after
{Heap after GC invocations=28 (full 0):
 garbage-first heap   total 182272K, used 85770K [0x0000000089800000, 0x0000000100000000)
  region size 1024K, 7 young (7168K), 7 survivors (7168K)
 Metaspace       used 72673K, committed 73024K, reserved 1114112K
  class space    used 8339K, committed 8512K, reserved 1048576K
}
Event: 10.317 GC heap before
{Heap before GC invocations=28 (full 0):
 garbage-first heap   total 182272K, used 143114K [0x0000000089800000, 0x0000000100000000)
  region size 1024K, 63 young (64512K), 7 survivors (7168K)
 Metaspace       used 78856K, committed 79232K, reserved 1122304K
  class space    used 8940K, committed 9088K, reserved 1048576K
}
Event: 10.331 GC heap after
{Heap after GC invocations=29 (full 0):
 garbage-first heap   total 182272K, used 93175K [0x0000000089800000, 0x0000000100000000)
  region size 1024K, 8 young (8192K), 8 survivors (8192K)
 Metaspace       used 78856K, committed 79232K, reserved 1122304K
  class space    used 8940K, committed 9088K, reserved 1048576K
}
Event: 11.305 GC heap before
{Heap before GC invocations=29 (full 0):
 garbage-first heap   total 182272K, used 143351K [0x0000000089800000, 0x0000000100000000)
  region size 1024K, 57 young (58368K), 8 survivors (8192K)
 Metaspace       used 87493K, committed 87872K, reserved 1130496K
  class space    used 9851K, committed 10048K, reserved 1048576K
}
Event: 11.316 GC heap after
{Heap after GC invocations=30 (full 0):
 garbage-first heap   total 182272K, used 97270K [0x0000000089800000, 0x0000000100000000)
  region size 1024K, 5 young (5120K), 5 survivors (5120K)
 Metaspace       used 87493K, committed 87872K, reserved 1130496K
  class space    used 9851K, committed 10048K, reserved 1048576K
}
Event: 11.944 GC heap before
{Heap before GC invocations=30 (full 0):
 garbage-first heap   total 182272K, used 145398K [0x0000000089800000, 0x0000000100000000)
  region size 1024K, 52 young (53248K), 5 survivors (5120K)
 Metaspace       used 89603K, committed 89984K, reserved 1130496K
  class space    used 10015K, committed 10176K, reserved 1048576K
}
Event: 11.957 GC heap after
{Heap after GC invocations=31 (full 0):
 garbage-first heap   total 182272K, used 103143K [0x0000000089800000, 0x0000000100000000)
  region size 1024K, 6 young (6144K), 6 survivors (6144K)
 Metaspace       used 89603K, committed 89984K, reserved 1130496K
  class space    used 10015K, committed 10176K, reserved 1048576K
}
Event: 12.349 GC heap before
{Heap before GC invocations=31 (full 0):
 garbage-first heap   total 182272K, used 147175K [0x0000000089800000, 0x0000000100000000)
  region size 1024K, 49 young (50176K), 6 survivors (6144K)
 Metaspace       used 92116K, committed 92480K, reserved 1138688K
  class space    used 10212K, committed 10368K, reserved 1048576K
}
Event: 12.357 GC heap after
{Heap after GC invocations=32 (full 0):
 garbage-first heap   total 182272K, used 104882K [0x0000000089800000, 0x0000000100000000)
  region size 1024K, 2 young (2048K), 2 survivors (2048K)
 Metaspace       used 92116K, committed 92480K, reserved 1138688K
  class space    used 10212K, committed 10368K, reserved 1048576K
}
Event: 13.030 GC heap before
{Heap before GC invocations=32 (full 0):
 garbage-first heap   total 182272K, used 148914K [0x0000000089800000, 0x0000000100000000)
  region size 1024K, 45 young (46080K), 2 survivors (2048K)
 Metaspace       used 95261K, committed 95616K, reserved 1138688K
  class space    used 10436K, committed 10624K, reserved 1048576K
}

Dll operation events (2 events):
Event: 0.008 Loaded shared library C:\Program Files\Android\Android Studio\jbr\bin\java.dll
Event: 1.015 Loaded shared library C:\Program Files\Android\Android Studio\jbr\bin\verify.dll

Deoptimization events (20 events):
Event: 12.936 Thread 0x000001beac658270 Uncommon trap: trap_request=0xffffff45 fr.pc=0x000001beb7d5c928 relative=0x0000000000000188
Event: 12.936 Thread 0x000001beac658270 Uncommon trap: reason=unstable_if action=reinterpret pc=0x000001beb7d5c928 method=kotlin.text.StringsKt__StringsKt.indexOf$default(Ljava/lang/CharSequence;CIZILjava/lang/Object;)I @ 4 c2
Event: 12.936 Thread 0x000001beac658270 DEOPT PACKING pc=0x000001beb7d5c928 sp=0x0000002ed68fc210
Event: 12.936 Thread 0x000001beac658270 DEOPT UNPACKING pc=0x000001beb70a69a3 sp=0x0000002ed68fc1c0 mode 2
Event: 12.937 Thread 0x000001beac658270 Uncommon trap: trap_request=0xffffffbe fr.pc=0x000001beb7aceb84 relative=0x00000000000016c4
Event: 12.937 Thread 0x000001beac658270 Uncommon trap: reason=profile_predicate action=maybe_recompile pc=0x000001beb7aceb84 method=java.util.HashMap.putMapEntries(Ljava/util/Map;Z)V @ 114 c2
Event: 12.937 Thread 0x000001beac658270 DEOPT PACKING pc=0x000001beb7aceb84 sp=0x0000002ed68fbec0
Event: 12.937 Thread 0x000001beac658270 DEOPT UNPACKING pc=0x000001beb70a69a3 sp=0x0000002ed68fbea8 mode 2
Event: 12.941 Thread 0x000001beac658270 Uncommon trap: trap_request=0xffffff45 fr.pc=0x000001beb7943dd8 relative=0x00000000000006f8
Event: 12.941 Thread 0x000001beac658270 Uncommon trap: reason=unstable_if action=reinterpret pc=0x000001beb7943dd8 method=org.jetbrains.kotlin.protobuf.GeneratedMessageLite$ExtendableMessage$ExtensionWriter.writeUntil(ILorg/jetbrains/kotlin/protobuf/CodedOutputStream;)V @ 109 c2
Event: 12.941 Thread 0x000001beac658270 DEOPT PACKING pc=0x000001beb7943dd8 sp=0x0000002ed68fbf10
Event: 12.941 Thread 0x000001beac658270 DEOPT UNPACKING pc=0x000001beb70a69a3 sp=0x0000002ed68fbf10 mode 2
Event: 12.955 Thread 0x000001beac658270 Uncommon trap: trap_request=0xffffff45 fr.pc=0x000001beb7d5fb84 relative=0x0000000000001264
Event: 12.955 Thread 0x000001beac658270 Uncommon trap: reason=unstable_if action=reinterpret pc=0x000001beb7d5fb84 method=org.jetbrains.kotlin.ir.util.IrTypeUtilsKt.isSuspendFunction(Lorg/jetbrains/kotlin/ir/types/IrType;)Z @ 23 c2
Event: 12.955 Thread 0x000001beac658270 DEOPT PACKING pc=0x000001beb7d5fb84 sp=0x0000002ed68fcaa0
Event: 12.955 Thread 0x000001beac658270 DEOPT UNPACKING pc=0x000001beb70a69a3 sp=0x0000002ed68fc9a0 mode 2
Event: 12.975 Thread 0x000001beac658270 Uncommon trap: trap_request=0xffffff45 fr.pc=0x000001beb7d32fd4 relative=0x00000000000007f4
Event: 12.975 Thread 0x000001beac658270 Uncommon trap: reason=unstable_if action=reinterpret pc=0x000001beb7d32fd4 method=org.jetbrains.kotlin.codegen.optimization.common.FastMethodAnalyzer.mergeControlFlowEdge(ILorg/jetbrains/org/objectweb/asm/tree/analysis/Frame;Z)V @ 19 c2
Event: 12.975 Thread 0x000001beac658270 DEOPT PACKING pc=0x000001beb7d32fd4 sp=0x0000002ed68fadd0
Event: 12.975 Thread 0x000001beac658270 DEOPT UNPACKING pc=0x000001beb70a69a3 sp=0x0000002ed68fad60 mode 2

Classes unloaded (0 events):
No events

Classes redefined (0 events):
No events

Internal exceptions (20 events):
Event: 6.657 Thread 0x000001beac658270 Exception <a 'java/lang/NoSuchMethodError'{0x000000009055cb10}: 'java.lang.Object java.lang.invoke.DirectMethodHandle$Holder.invokeInterface(java.lang.Object, java.lang.Object, java.lang.Object)'> (0x000000009055cb10) 
thrown [s\src\hotspot\share\interpreter\linkResolver.cpp, line 771]
Event: 6.657 Thread 0x000001beac658270 Exception <a 'java/lang/IncompatibleClassChangeError'{0x0000000090560480}: Found class java.lang.Object, but interface was expected> (0x0000000090560480) 
thrown [s\src\hotspot\share\interpreter\linkResolver.cpp, line 838]
Event: 6.804 Thread 0x000001beac658270 Implicit null exception at 0x000001beb760ac72 to 0x000001beb760b240
Event: 6.818 Thread 0x000001beac658270 Implicit null exception at 0x000001beb760bcf2 to 0x000001beb760c2d0
Event: 7.165 Thread 0x000001beac658270 Exception <a 'java/lang/NoSuchMethodError'{0x0000000092f41298}: 'int java.lang.invoke.DirectMethodHandle$Holder.invokeStaticInit(java.lang.Object, int)'> (0x0000000092f41298) 
thrown [s\src\hotspot\share\interpreter\linkResolver.cpp, line 771]
Event: 7.187 Thread 0x000001beac658270 Exception <a 'java/lang/NoSuchMethodError'{0x0000000092e3c728}: 'java.lang.Object java.lang.invoke.DirectMethodHandle$Holder.newInvokeSpecial(java.lang.Object, java.lang.Object, java.lang.Object, java.lang.Object, java.lang.Object, java.lang.Object, java.lang.Object)'> (0x0000000092e3c728) 
thrown [s\src\hotspot\share\interpreter\linkResolver.cpp, line 771]
Event: 7.187 Thread 0x000001beac658270 Exception <a 'java/lang/NoSuchMethodError'{0x0000000092e41150}: 'java.lang.Object java.lang.invoke.Invokers$Holder.linkToTargetMethod(java.lang.Object, java.lang.Object, java.lang.Object, java.lang.Object, java.lang.Object, java.lang.Object, java.lang.Object)'> (0x0000000092e41150) 
thrown [s\src\hotspot\share\interpreter\linkResolver.cpp, line 771]
Event: 7.381 Thread 0x000001beac658270 Exception <a 'java/lang/NoSuchMethodError'{0x000000009247a910}: 'java.lang.Object java.lang.invoke.DirectMethodHandle$Holder.invokeStatic(java.lang.Object, int, java.lang.Object)'> (0x000000009247a910) 
thrown [s\src\hotspot\share\interpreter\linkResolver.cpp, line 771]
Event: 7.418 Thread 0x000001beac658270 Implicit null exception at 0x000001beb7657f58 to 0x000001beb7657fea
Event: 7.438 Thread 0x000001beac658270 Implicit null exception at 0x000001beb764770f to 0x000001beb7647785
Event: 8.150 Thread 0x000001beac658270 Exception <a 'java/lang/NoSuchMethodError'{0x0000000093c71828}: 'java.lang.Object java.lang.invoke.DirectMethodHandle$Holder.newInvokeSpecial(java.lang.Object, int, java.lang.Object, java.lang.Object)'> (0x0000000093c71828) 
thrown [s\src\hotspot\share\interpreter\linkResolver.cpp, line 771]
Event: 8.900 Thread 0x000001beac658270 Implicit null exception at 0x000001beb77d00ac to 0x000001beb77d016c
Event: 9.374 Thread 0x000001beac658270 Implicit null exception at 0x000001beb7b257b3 to 0x000001beb7b2590c
Event: 9.411 Thread 0x000001beac658270 Exception <a 'java/lang/NoSuchMethodError'{0x00000000941ee8f0}: 'java.lang.Object java.lang.invoke.DirectMethodHandle$Holder.invokeStaticInit(java.lang.Object, java.lang.Object, java.lang.Object, java.lang.Object)'> (0x00000000941ee8f0) 
thrown [s\src\hotspot\share\interpreter\linkResolver.cpp, line 771]
Event: 9.569 Thread 0x000001beac658270 Implicit null exception at 0x000001beb7658a93 to 0x000001beb7658bd8
Event: 9.753 Thread 0x000001beac658270 Exception <a 'java/lang/NoSuchMethodError'{0x00000000930dc470}: 'java.lang.Object java.lang.invoke.Invokers$Holder.linkToTargetMethod(java.lang.Object, java.lang.Object, int, int, java.lang.Object, java.lang.Object, java.lang.Object, java.lang.Object, java.lang.Object)'> (0x00000000930dc470) 
thrown [s\src\hotspot\share\interpreter\linkResolver.cpp, line 771]
Event: 9.822 Thread 0x000001beac658270 Exception <a 'java/lang/NoSuchMethodError'{0x0000000092d88440}: 'java.lang.Object java.lang.invoke.DirectMethodHandle$Holder.newInvokeSpecial(java.lang.Object, java.lang.Object, java.lang.Object, int, int)'> (0x0000000092d88440) 
thrown [s\src\hotspot\share\interpreter\linkResolver.cpp, line 771]
Event: 9.822 Thread 0x000001beac658270 Exception <a 'java/lang/NoSuchMethodError'{0x0000000092d8c280}: 'java.lang.Object java.lang.invoke.DirectMethodHandle$Holder.invokeSpecial(java.lang.Object, java.lang.Object, java.lang.Object, java.lang.Object, int, int)'> (0x0000000092d8c280) 
thrown [s\src\hotspot\share\interpreter\linkResolver.cpp, line 771]
Event: 12.118 Thread 0x000001beac658270 Implicit null exception at 0x000001beb7771815 to 0x000001beb7775e08
Event: 12.393 Thread 0x000001beac658270 Implicit null exception at 0x000001beb76d8589 to 0x000001beb76d8670

VM Operations (20 events):
Event: 12.484 Executing VM operation: ICBufferFull done
Event: 12.577 Executing VM operation: HandshakeAllThreads
Event: 12.577 Executing VM operation: HandshakeAllThreads done
Event: 12.600 Executing VM operation: HandshakeAllThreads
Event: 12.600 Executing VM operation: HandshakeAllThreads done
Event: 12.655 Executing VM operation: ICBufferFull
Event: 12.655 Executing VM operation: ICBufferFull done
Event: 12.691 Executing VM operation: HandshakeAllThreads
Event: 12.691 Executing VM operation: HandshakeAllThreads done
Event: 12.714 Executing VM operation: HandshakeAllThreads
Event: 12.714 Executing VM operation: HandshakeAllThreads done
Event: 12.716 Executing VM operation: HandshakeAllThreads
Event: 12.716 Executing VM operation: HandshakeAllThreads done
Event: 12.773 Executing VM operation: ICBufferFull
Event: 12.773 Executing VM operation: ICBufferFull done
Event: 12.881 Executing VM operation: ICBufferFull
Event: 12.881 Executing VM operation: ICBufferFull done
Event: 12.994 Executing VM operation: ICBufferFull
Event: 12.994 Executing VM operation: ICBufferFull done
Event: 13.030 Executing VM operation: G1CollectForAllocation

Events (20 events):
Event: 12.724 Thread 0x000001bec6d30b00 flushing nmethod 0x000001beb1c31d10
Event: 12.724 Thread 0x000001bec6d30b00 flushing nmethod 0x000001beb1c33410
Event: 12.724 Thread 0x000001bec6d30b00 flushing nmethod 0x000001beb1c36e10
Event: 12.724 Thread 0x000001bec6d30b00 flushing nmethod 0x000001beb1c38e10
Event: 12.724 Thread 0x000001bec6d30b00 flushing nmethod 0x000001beb1c3f190
Event: 12.724 Thread 0x000001bec6d30b00 flushing nmethod 0x000001beb1c43110
Event: 12.724 Thread 0x000001bec6d30b00 flushing nmethod 0x000001beb1c44890
Event: 12.724 Thread 0x000001bec6d30b00 flushing nmethod 0x000001beb1c4da90
Event: 12.724 Thread 0x000001bec6d30b00 flushing nmethod 0x000001beb1c4f710
Event: 12.724 Thread 0x000001bec6d30b00 flushing nmethod 0x000001beb1c4fb10
Event: 12.724 Thread 0x000001bec6d30b00 flushing nmethod 0x000001beb1c60390
Event: 12.724 Thread 0x000001bec6d30b00 flushing nmethod 0x000001beb1c62a10
Event: 12.724 Thread 0x000001bec6d30b00 flushing nmethod 0x000001beb1c63190
Event: 12.724 Thread 0x000001bec6d30b00 flushing nmethod 0x000001beb1c66490
Event: 12.724 Thread 0x000001bec6d30b00 flushing nmethod 0x000001beb1c68410
Event: 12.724 Thread 0x000001bec6d30b00 flushing nmethod 0x000001beb1c69190
Event: 12.724 Thread 0x000001bec6d30b00 flushing nmethod 0x000001beb1c73a10
Event: 12.725 Thread 0x000001bec6d30b00 flushing nmethod 0x000001beb1c78d10
Event: 12.725 Thread 0x000001bec6d30b00 flushing nmethod 0x000001beb1c97710
Event: 12.726 Thread 0x000001bec6d30b00 flushing nmethod 0x000001beb1df7f10


Dynamic libraries:
0x00007ff7dce40000 - 0x00007ff7dce4a000 	C:\Program Files\Android\Android Studio\jbr\bin\java.exe
0x00007ff9e4490000 - 0x00007ff9e46a7000 	C:\Windows\SYSTEM32\ntdll.dll
0x00007ff9e3290000 - 0x00007ff9e3354000 	C:\Windows\System32\KERNEL32.DLL
0x00007ff9e1c40000 - 0x00007ff9e1fe6000 	C:\Windows\System32\KERNELBASE.dll
0x00007ff9e1930000 - 0x00007ff9e1a41000 	C:\Windows\System32\ucrtbase.dll
0x00007ff9ca1d0000 - 0x00007ff9ca1e7000 	C:\Program Files\Android\Android Studio\jbr\bin\jli.dll
0x00007ff9c7440000 - 0x00007ff9c745b000 	C:\Program Files\Android\Android Studio\jbr\bin\VCRUNTIME140.dll
0x00007ff9e30b0000 - 0x00007ff9e325e000 	C:\Windows\System32\USER32.dll
0x00007ff9e21b0000 - 0x00007ff9e21d6000 	C:\Windows\System32\win32u.dll
0x00007ff9e3260000 - 0x00007ff9e3289000 	C:\Windows\System32\GDI32.dll
0x00007ff9e1ff0000 - 0x00007ff9e2108000 	C:\Windows\System32\gdi32full.dll
0x00007ff9d25e0000 - 0x00007ff9d2873000 	C:\Windows\WinSxS\amd64_microsoft.windows.common-controls_6595b64144ccf1df_6.0.22621.2506_none_270c5ae97388e100\COMCTL32.dll
0x00007ff9e2110000 - 0x00007ff9e21aa000 	C:\Windows\System32\msvcp_win.dll
0x00007ff9e3590000 - 0x00007ff9e3637000 	C:\Windows\System32\msvcrt.dll
0x00007ff9e3c20000 - 0x00007ff9e3c51000 	C:\Windows\System32\IMM32.DLL
0x00007ff9c2340000 - 0x00007ff9c234c000 	C:\Program Files\Android\Android Studio\jbr\bin\vcruntime140_1.dll
0x00007ff99cda0000 - 0x00007ff99ce2d000 	C:\Program Files\Android\Android Studio\jbr\bin\msvcp140.dll
0x00007ff994d80000 - 0x00007ff9959ee000 	C:\Program Files\Android\Android Studio\jbr\bin\server\jvm.dll
0x00007ff9e2de0000 - 0x00007ff9e2e91000 	C:\Windows\System32\ADVAPI32.dll
0x00007ff9e22c0000 - 0x00007ff9e2365000 	C:\Windows\System32\sechost.dll
0x00007ff9e3470000 - 0x00007ff9e3587000 	C:\Windows\System32\RPCRT4.dll
0x00007ff9d7fc0000 - 0x00007ff9d7fc9000 	C:\Windows\SYSTEM32\WSOCK32.dll
0x00007ff9e21e0000 - 0x00007ff9e2251000 	C:\Windows\System32\WS2_32.dll
0x00007ff9d8b50000 - 0x00007ff9d8b5a000 	C:\Windows\SYSTEM32\VERSION.dll
0x00007ff9d9fe0000 - 0x00007ff9da014000 	C:\Windows\SYSTEM32\WINMM.dll
0x00007ff9e08f0000 - 0x00007ff9e0908000 	C:\Windows\SYSTEM32\kernel.appcore.dll
0x00007ff9d7f70000 - 0x00007ff9d7f7a000 	C:\Program Files\Android\Android Studio\jbr\bin\jimage.dll
0x00007ff9d86a0000 - 0x00007ff9d88d3000 	C:\Windows\SYSTEM32\DBGHELP.DLL
0x00007ff9e37e0000 - 0x00007ff9e3b69000 	C:\Windows\System32\combase.dll
0x00007ff9e2f90000 - 0x00007ff9e3067000 	C:\Windows\System32\OLEAUT32.dll
0x00007ff9d8a80000 - 0x00007ff9d8ab2000 	C:\Windows\SYSTEM32\dbgcore.DLL
0x00007ff9e1bc0000 - 0x00007ff9e1c3a000 	C:\Windows\System32\bcryptPrimitives.dll
0x00007ff9c75a0000 - 0x00007ff9c75c5000 	C:\Program Files\Android\Android Studio\jbr\bin\java.dll
0x00007ff9d7f00000 - 0x00007ff9d7f18000 	C:\Program Files\Android\Android Studio\jbr\bin\zip.dll
0x00007ff9e2580000 - 0x00007ff9e2dda000 	C:\Windows\System32\SHELL32.dll
0x00007ff9df730000 - 0x00007ff9e0026000 	C:\Windows\SYSTEM32\windows.storage.dll
0x00007ff9df5f0000 - 0x00007ff9df72e000 	C:\Windows\SYSTEM32\wintypes.dll
0x00007ff9e2480000 - 0x00007ff9e2573000 	C:\Windows\System32\SHCORE.dll
0x00007ff9e2ea0000 - 0x00007ff9e2efe000 	C:\Windows\System32\shlwapi.dll
0x00007ff9e1730000 - 0x00007ff9e1756000 	C:\Windows\SYSTEM32\profapi.dll
0x00007ff9d6680000 - 0x00007ff9d6699000 	C:\Program Files\Android\Android Studio\jbr\bin\net.dll
0x00007ff9db6e0000 - 0x00007ff9db817000 	C:\Windows\SYSTEM32\WINHTTP.dll
0x00007ff9e0d70000 - 0x00007ff9e0dd9000 	C:\Windows\system32\mswsock.dll
0x00007ff9ca210000 - 0x00007ff9ca226000 	C:\Program Files\Android\Android Studio\jbr\bin\nio.dll
0x00007ff9d2520000 - 0x00007ff9d2530000 	C:\Program Files\Android\Android Studio\jbr\bin\verify.dll

dbghelp: loaded successfully - version: 4.0.5 - missing functions: none
symbol engine: initialized successfully - sym options: 0x614 - pdb path: .;C:\Program Files\Android\Android Studio\jbr\bin;C:\Windows\SYSTEM32;C:\Windows\WinSxS\amd64_microsoft.windows.common-controls_6595b64144ccf1df_6.0.22621.2506_none_270c5ae97388e100;C:\Program Files\Android\Android Studio\jbr\bin\server

VM Arguments:
java_command: org.jetbrains.kotlin.cli.jvm.K2JVMCompiler @D:\Kaar\app\build\20231217_10568381748915786752.compiler.options
java_class_path (initial): C:\Users\Windows\.gradle\caches\modules-2\files-2.1\org.jetbrains.kotlin\kotlin-compiler-embeddable\1.8.20\78d9baa57f65babf9e0a93e51f62f26f5f35ac3e\kotlin-compiler-embeddable-1.8.20.jar;C:\Users\Windows\.gradle\caches\modules-2\files-2.1\org.jetbrains.kotlin\kotlin-stdlib\1.8.20\e72fc5e03ec6c064c678a6bd0d955c88d55b0c4a\kotlin-stdlib-1.8.20.jar;C:\Users\Windows\.gradle\caches\modules-2\files-2.1\org.jetbrains.kotlin\kotlin-script-runtime\1.8.20\c850771e723701f9d63dbcf641429c0f29290074\kotlin-script-runtime-1.8.20.jar;C:\Users\Windows\.gradle\caches\modules-2\files-2.1\org.jetbrains.kotlin\kotlin-reflect\1.6.10\1cbe9c92c12a94eea200d23c2bbaedaf3daf5132\kotlin-reflect-1.6.10.jar;C:\Users\Windows\.gradle\caches\modules-2\files-2.1\org.jetbrains.kotlin\kotlin-daemon-embeddable\1.8.20\c1b808fbe5fee60bd0504a54778120ef40f383d4\kotlin-daemon-embeddable-1.8.20.jar;C:\Users\Windows\.gradle\caches\modules-2\files-2.1\org.jetbrains.intellij.deps\trove4j\1.0.20200330\3afb14d5f9ceb459d724e907a21145e8ff394f02\trove4j-1.0.20200330.jar;C:\Users\Windows\.gradle\caches\modules-2\files-2.1\net.java.dev.jna\jna\5.6.0\330f2244e9030119ab3030fc3fededc86713d9cc\jna-5.6.0.jar;C:\Users\Windows\.gradle\caches\modules-2\files-2.1\org.jetbrains.kotlin\kotlin-stdlib-common\1.8.20\5eddaaf234c8c49d03eebeb6a14feb7f90faca71\kotlin-stdlib-common-1.8.20.jar;C:\Users\Windows\.gradle\caches\modules-2\files-2.1\org.jetbrains\annotations\13.0\919f0dfe192fb4e063e7dacadee7f8bb9a2672a9\annotations-13.0.jar
Launcher Type: SUN_STANDARD

[Global flags]
     intx CICompilerCount                          = 4                                         {product} {ergonomic}
     uint ConcGCThreads                            = 3                                         {product} {ergonomic}
     uint G1ConcRefinementThreads                  = 10                                        {product} {ergonomic}
   size_t G1HeapRegionSize                         = 1048576                                   {product} {ergonomic}
    uintx GCDrainStackTargetSize                   = 64                                        {product} {ergonomic}
   size_t InitialHeapSize                          = 125829120                                 {product} {ergonomic}
   size_t MarkStackSize                            = 4194304                                   {product} {ergonomic}
   size_t MaxHeapSize                              = 1988100096                                {product} {ergonomic}
   size_t MaxNewSize                               = 1192230912                                {product} {ergonomic}
   size_t MinHeapDeltaBytes                        = 1048576                                   {product} {ergonomic}
   size_t MinHeapSize                              = 8388608                                   {product} {ergonomic}
    uintx NonNMethodCodeHeapSize                   = 5839372                                {pd product} {ergonomic}
    uintx NonProfiledCodeHeapSize                  = 122909434                              {pd product} {ergonomic}
    uintx ProfiledCodeHeapSize                     = 122909434                              {pd product} {ergonomic}
    uintx ReservedCodeCacheSize                    = 251658240                              {pd product} {ergonomic}
     bool SegmentedCodeCache                       = true                                      {product} {ergonomic}
   size_t SoftMaxHeapSize                          = 1988100096                             {manageable} {ergonomic}
     bool UseCompressedClassPointers               = true                           {product lp64_product} {ergonomic}
     bool UseCompressedOops                        = true                           {product lp64_product} {ergonomic}
     bool UseG1GC                                  = true                                      {product} {ergonomic}
     bool UseLargePagesIndividualAllocation        = false                                  {pd product} {ergonomic}

Logging:
Log output configuration:
 #0: stdout all=warning uptime,level,tags
 #1: stderr all=off uptime,level,tags

Environment Variables:
PATH=C:\Windows\system32;C:\Windows;C:\Windows\System32\Wbem;C:\Windows\System32\WindowsPowerShell\v1.0\;C:\Windows\System32\OpenSSH\;C:\Program Files\Git\cmd;C:\Program Files (x86)\Windows Kits\10\Windows Performance Toolkit\;C:\Users\Windows\AppData\Local\Microsoft\WindowsApps;C:\Users\Windows\AppData\Local\Programs\Microsoft VS Code\bin;D:\Mobile\sdk\flutter-sdk\bin;D:\Mobile\sdk\dart-sdk\bin;
USERNAME=Windows
OS=Windows_NT
PROCESSOR_IDENTIFIER=AMD64 Family 25 Model 80 Stepping 0, AuthenticAMD
TMP=C:\Users\Windows\AppData\Local\Temp
TEMP=C:\Users\Windows\AppData\Local\Temp


JNI global refs:
JNI global refs: 14, weak refs: 6

JNI global refs memory usage: 843, weak refs: 841


---------------  S Y S T E M  ---------------

OS:
 Windows 11 , 64 bit Build 22621 (10.0.22621.2506)
OS uptime: 3 days 19:41 hours

CPU: total 12 (initial active 12) (12 cores per cpu, 2 threads per core) family 25 model 80 stepping 0 microcode 0x0, cx8, cmov, fxsr, ht, mmx, 3dnowpref, sse, sse2, sse3, ssse3, sse4a, sse4.1, sse4.2, popcnt, lzcnt, tsc, tscinvbit, avx, avx2, aes, erms, clmul, bmi1, bmi2, adx, sha, fma, vzeroupper, clflush, clflushopt

Memory: 4k page, system-wide physical 7581M (291M free)
TotalPageFile size 17581M (AvailPageFile size 30M)
current process WorkingSet (physical memory assigned to process): 452M, peak: 452M
current process commit charge ("private bytes"): 495M, peak: 622M

vm_info: OpenJDK 64-Bit Server VM (17.0.6+0-b2043.56-10027231) for windows-amd64 JRE (17.0.6+0-b2043.56-10027231), built on Apr 28 2023 00:43:19 by "androidbuild" with MS VC++ 16.10 / 16.11 (VS2019)

END.
